<?xml version="1.0" encoding="utf-8"?><testsuites name="pytest tests"><testsuite name="pytest" errors="0" failures="0" skipped="0" tests="37" time="6.797" timestamp="2026-03-19T13:07:46.116947+00:00" hostname="agent-env-fad37d8a-91c9-49f5-a111-2650ceeff5e6"><testcase classname="backend.tests.test_assets.TestAssetList" name="test_list_assets_returns_200" time="0.639" /><testcase classname="backend.tests.test_assets.TestAssetList" name="test_list_assets_has_seed_data" time="0.100" /><testcase classname="backend.tests.test_assets.TestAssetList" name="test_filter_by_type_gun" time="0.103" /><testcase classname="backend.tests.test_assets.TestAssetList" name="test_filter_by_type_radio" time="0.103" /><testcase classname="backend.tests.test_assets.TestAssetList" name="test_filter_by_status_available" time="0.109" /><testcase classname="backend.tests.test_assets.TestAssetList" name="test_search_by_name" time="0.133" /><testcase classname="backend.tests.test_assets.TestAssetList" name="test_search_by_asset_id" time="0.115" /><testcase classname="backend.tests.test_assets.TestAssetList" name="test_pagination" time="0.143" /><testcase classname="backend.tests.test_assets.TestAssetList" name="test_list_requires_auth" time="0.158" /><testcase classname="backend.tests.test_assets.TestAssetCRUD" name="test_create_asset_minimal" time="0.106" /><testcase classname="backend.tests.test_assets.TestAssetCRUD" name="test_create_asset_auto_id_increments" time="0.268" /><testcase classname="backend.tests.test_assets.TestAssetCRUD" name="test_create_asset_full_fields" time="0.237" /><testcase classname="backend.tests.test_assets.TestAssetCRUD" name="test_create_asset_missing_name_fails" time="0.179" /><testcase classname="backend.tests.test_assets.TestAssetCRUD" name="test_create_asset_missing_type_fails" time="0.141" /><testcase classname="backend.tests.test_assets.TestAssetCRUD" name="test_create_asset_invalid_type_fails" time="0.383" /><testcase classname="backend.tests.test_assets.TestAssetCRUD" name="test_get_asset_by_id" time="0.108" /><testcase classname="backend.tests.test_assets.TestAssetCRUD" name="test_get_asset_not_found" time="0.100" /><testcase classname="backend.tests.test_assets.TestAssetCRUD" name="test_update_asset" time="0.120" /><testcase classname="backend.tests.test_assets.TestAssetCRUD" name="test_update_asset_verify_persistence" time="0.113" /><testcase classname="backend.tests.test_assets.TestAssetCRUD" name="test_delete_asset" time="0.116" /><testcase classname="backend.tests.test_assets.TestAssetCRUD" name="test_delete_asset_verify_removed" time="0.105" /><testcase classname="backend.tests.test_assets.TestAssetCRUD" name="test_delete_nonexistent_asset" time="0.118" /><testcase classname="backend.tests.test_assets.TestIssuanceCRUD" name="test_list_issuances_empty" time="0.248" /><testcase classname="backend.tests.test_assets.TestIssuanceCRUD" name="test_issue_asset_to_employee" time="0.289" /><testcase classname="backend.tests.test_assets.TestIssuanceCRUD" name="test_asset_status_updated_to_issued" time="0.104" /><testcase classname="backend.tests.test_assets.TestIssuanceCRUD" name="test_list_issuances_shows_active" time="0.107" /><testcase classname="backend.tests.test_assets.TestIssuanceCRUD" name="test_cannot_issue_already_issued_asset" time="0.114" /><testcase classname="backend.tests.test_assets.TestIssuanceCRUD" name="test_cannot_delete_issued_asset" time="0.116" /><testcase classname="backend.tests.test_assets.TestIssuanceCRUD" name="test_return_asset" time="0.133" /><testcase classname="backend.tests.test_assets.TestIssuanceCRUD" name="test_asset_status_back_to_available" time="0.110" /><testcase classname="backend.tests.test_assets.TestIssuanceCRUD" name="test_issuance_not_active_after_return" time="0.112" /><testcase classname="backend.tests.test_assets.TestIssuanceCRUD" name="test_cannot_return_already_returned_issuance" time="0.273" /><testcase classname="backend.tests.test_assets.TestIssuanceMarkLost" name="test_issue_for_lost_test" time="0.235" /><testcase classname="backend.tests.test_assets.TestIssuanceMarkLost" name="test_mark_asset_as_lost" time="0.102" /><testcase classname="backend.tests.test_assets.TestIssuanceMarkLost" name="test_asset_status_is_lost" time="0.212" /><testcase classname="backend.tests.test_assets.TestIssuanceSite" name="test_issue_to_site" time="0.346" /><testcase classname="backend.tests.test_assets.TestIssuanceSite" name="test_issue_without_recipient_fails" time="0.490" /></testsuite></testsuites>