<?xml version="1.0" encoding="utf-8"?><testsuites name="pytest tests"><testsuite name="pytest" errors="0" failures="0" skipped="0" tests="23" time="4.173" timestamp="2026-03-19T13:51:46.135668+00:00" hostname="agent-env-3c5c3fd6-56eb-4448-881f-cd1c183d827a"><testcase classname="backend.tests.test_payroll.TestPayrollCRUD" name="test_list_payrolls_initially" time="0.724" /><testcase classname="backend.tests.test_payroll.TestPayrollCRUD" name="test_create_single_payroll" time="0.276" /><testcase classname="backend.tests.test_payroll.TestPayrollCRUD" name="test_get_payroll_by_id" time="0.122" /><testcase classname="backend.tests.test_payroll.TestPayrollCRUD" name="test_update_payroll_base_salary" time="0.159" /><testcase classname="backend.tests.test_payroll.TestPayrollCRUD" name="test_get_updated_payroll_persists" time="0.118" /><testcase classname="backend.tests.test_payroll.TestPayrollCRUD" name="test_approve_payroll" time="0.117" /><testcase classname="backend.tests.test_payroll.TestPayrollCRUD" name="test_mark_as_paid" time="0.179" /><testcase classname="backend.tests.test_payroll.TestPayrollCRUD" name="test_delete_non_draft_payroll_fails" time="0.141" /><testcase classname="backend.tests.test_payroll.TestPayrollFilters" name="test_filter_by_month_2026_03" time="0.123" /><testcase classname="backend.tests.test_payroll.TestPayrollFilters" name="test_filter_by_status_paid" time="0.104" /><testcase classname="backend.tests.test_payroll.TestPayrollFilters" name="test_filter_by_status_draft" time="0.126" /><testcase classname="backend.tests.test_payroll.TestPayrollFilters" name="test_filter_by_employee_id" time="0.191" /><testcase classname="backend.tests.test_payroll.TestPayrollDelete" name="test_create_draft_for_deletion" time="0.275" /><testcase classname="backend.tests.test_payroll.TestPayrollDelete" name="test_delete_draft_payroll" time="0.112" /><testcase classname="backend.tests.test_payroll.TestPayrollDelete" name="test_deleted_payroll_returns_404" time="0.101" /><testcase classname="backend.tests.test_payroll.TestBulkPayroll" name="test_bulk_create_payroll" time="0.182" /><testcase classname="backend.tests.test_payroll.TestBulkPayroll" name="test_bulk_payroll_appears_in_list" time="0.125" /><testcase classname="backend.tests.test_payroll.TestBulkPayroll" name="test_bulk_cleanup" time="0.297" /><testcase classname="backend.tests.test_payroll.TestPayrollEdgeCases" name="test_invalid_payroll_month_format" time="0.113" /><testcase classname="backend.tests.test_payroll.TestPayrollEdgeCases" name="test_get_nonexistent_payroll_returns_404" time="0.100" /><testcase classname="backend.tests.test_payroll.TestPayrollEdgeCases" name="test_delete_nonexistent_payroll_returns_404" time="0.116" /><testcase classname="backend.tests.test_payroll.TestPayrollEdgeCases" name="test_payroll_unauthenticated" time="0.111" /><testcase classname="backend.tests.test_payroll.TestPayrollEdgeCases" name="test_net_pay_calculation_correct" time="0.116" /></testsuite></testsuites>