<?xml version="1.0" encoding="utf-8"?><testsuites name="pytest tests"><testsuite name="pytest" errors="0" failures="0" skipped="0" tests="43" time="6.460" timestamp="2026-03-19T12:49:04.539141+00:00" hostname="agent-env-fad37d8a-91c9-49f5-a111-2650ceeff5e6"><testcase classname="backend.tests.test_clients_sites.TestClientList" name="test_list_clients_returns_200" time="0.546" /><testcase classname="backend.tests.test_clients_sites.TestClientList" name="test_list_clients_response_structure" time="0.135" /><testcase classname="backend.tests.test_clients_sites.TestClientList" name="test_list_clients_pagination" time="0.114" /><testcase classname="backend.tests.test_clients_sites.TestClientList" name="test_list_clients_search_filter" time="0.124" /><testcase classname="backend.tests.test_clients_sites.TestClientList" name="test_list_clients_status_filter_active" time="0.132" /><testcase classname="backend.tests.test_clients_sites.TestClientList" name="test_list_clients_status_filter_prospect" time="0.109" /><testcase classname="backend.tests.test_clients_sites.TestClientList" name="test_list_clients_requires_auth" time="0.107" /><testcase classname="backend.tests.test_clients_sites.TestClientList" name="test_existing_seed_clients_present" time="0.109" /><testcase classname="backend.tests.test_clients_sites.TestClientCRUD" name="test_create_client_minimal" time="0.109" /><testcase classname="backend.tests.test_clients_sites.TestClientCRUD" name="test_create_client_auto_id_format" time="0.299" /><testcase classname="backend.tests.test_clients_sites.TestClientCRUD" name="test_create_client_full_fields" time="0.219" /><testcase classname="backend.tests.test_clients_sites.TestClientCRUD" name="test_create_client_missing_required_field" time="0.206" /><testcase classname="backend.tests.test_clients_sites.TestClientCRUD" name="test_get_client_by_id" time="0.112" /><testcase classname="backend.tests.test_clients_sites.TestClientCRUD" name="test_get_client_not_found" time="0.105" /><testcase classname="backend.tests.test_clients_sites.TestClientCRUD" name="test_update_client" time="0.111" /><testcase classname="backend.tests.test_clients_sites.TestClientCRUD" name="test_update_persisted_in_db" time="0.114" /><testcase classname="backend.tests.test_clients_sites.TestClientCRUD" name="test_delete_client" time="0.112" /><testcase classname="backend.tests.test_clients_sites.TestClientCRUD" name="test_deleted_client_returns_404" time="0.126" /><testcase classname="backend.tests.test_clients_sites.TestClientCRUD" name="test_delete_nonexistent_client_returns_404" time="0.115" /><testcase classname="backend.tests.test_clients_sites.TestSiteList" name="test_list_sites_returns_200" time="0.103" /><testcase classname="backend.tests.test_clients_sites.TestSiteList" name="test_list_sites_response_structure" time="0.102" /><testcase classname="backend.tests.test_clients_sites.TestSiteList" name="test_list_sites_has_client_name" time="0.102" /><testcase classname="backend.tests.test_clients_sites.TestSiteList" name="test_list_sites_requires_auth" time="0.113" /><testcase classname="backend.tests.test_clients_sites.TestSiteList" name="test_list_sites_search_filter" time="0.130" /><testcase classname="backend.tests.test_clients_sites.TestSiteList" name="test_list_sites_status_filter" time="0.119" /><testcase classname="backend.tests.test_clients_sites.TestSiteList" name="test_seed_site_exists" time="0.115" /><testcase classname="backend.tests.test_clients_sites.TestSiteCRUD" name="test_create_site_minimal" time="0.223" /><testcase classname="backend.tests.test_clients_sites.TestSiteCRUD" name="test_create_site_auto_id_format" time="0.222" /><testcase classname="backend.tests.test_clients_sites.TestSiteCRUD" name="test_create_site_full_fields" time="0.222" /><testcase classname="backend.tests.test_clients_sites.TestSiteCRUD" name="test_create_site_missing_site_name" time="0.103" /><testcase classname="backend.tests.test_clients_sites.TestSiteCRUD" name="test_create_site_missing_client_id" time="0.114" /><testcase classname="backend.tests.test_clients_sites.TestSiteCRUD" name="test_create_site_invalid_client_id" time="0.116" /><testcase classname="backend.tests.test_clients_sites.TestSiteCRUD" name="test_get_site_by_id" time="0.109" /><testcase classname="backend.tests.test_clients_sites.TestSiteCRUD" name="test_get_site_not_found" time="0.111" /><testcase classname="backend.tests.test_clients_sites.TestSiteCRUD" name="test_update_site" time="0.160" /><testcase classname="backend.tests.test_clients_sites.TestSiteCRUD" name="test_update_site_persisted" time="0.120" /><testcase classname="backend.tests.test_clients_sites.TestSiteCRUD" name="test_filter_sites_by_client_id" time="0.127" /><testcase classname="backend.tests.test_clients_sites.TestSiteCRUD" name="test_delete_site" time="0.106" /><testcase classname="backend.tests.test_clients_sites.TestSiteCRUD" name="test_deleted_site_returns_404" time="0.113" /><testcase classname="backend.tests.test_clients_sites.TestSiteCRUD" name="test_delete_nonexistent_site_returns_404" time="0.123" /><testcase classname="backend.tests.test_clients_sites.TestContractAutoNumber" name="test_create_contract_without_number" time="0.267" /><testcase classname="backend.tests.test_clients_sites.TestContractAutoNumber" name="test_contract_number_format" time="0.244" /><testcase classname="backend.tests.test_clients_sites.TestContractAutoNumber" name="test_cleanup_contract" time="0.119" /></testsuite></testsuites>