<?xml version="1.0" encoding="utf-8"?><testsuites name="pytest tests"><testsuite name="pytest" errors="0" failures="0" skipped="0" tests="25" time="3.782" timestamp="2026-03-19T11:41:08.830753+00:00" hostname="agent-env-fad37d8a-91c9-49f5-a111-2650ceeff5e6"><testcase classname="backend.tests.test_employment_history_contracts.TestEmploymentHistoryAPI" name="test_list_employment_history_returns_200" time="0.733" /><testcase classname="backend.tests.test_employment_history_contracts.TestEmploymentHistoryAPI" name="test_create_employment_history_entry" time="0.122" /><testcase classname="backend.tests.test_employment_history_contracts.TestEmploymentHistoryAPI" name="test_create_employment_history_validates_required_fields" time="0.115" /><testcase classname="backend.tests.test_employment_history_contracts.TestEmploymentHistoryAPI" name="test_get_employment_history_by_id" time="0.103" /><testcase classname="backend.tests.test_employment_history_contracts.TestEmploymentHistoryAPI" name="test_update_employment_history_entry" time="0.102" /><testcase classname="backend.tests.test_employment_history_contracts.TestEmploymentHistoryAPI" name="test_update_employment_history_persists" time="0.107" /><testcase classname="backend.tests.test_employment_history_contracts.TestEmploymentHistoryAPI" name="test_list_employment_history_includes_created_entry" time="0.138" /><testcase classname="backend.tests.test_employment_history_contracts.TestEmploymentHistoryAPI" name="test_delete_employment_history_entry" time="0.145" /><testcase classname="backend.tests.test_employment_history_contracts.TestEmploymentHistoryAPI" name="test_delete_employment_history_entry_verifies_removal" time="0.115" /><testcase classname="backend.tests.test_employment_history_contracts.TestEmploymentHistoryAPI" name="test_employment_history_nonexistent_employee_returns_404" time="0.106" /><testcase classname="backend.tests.test_employment_history_contracts.TestEmploymentHistoryAPI" name="test_employment_history_unauthenticated_returns_401" time="0.107" /><testcase classname="backend.tests.test_employment_history_contracts.TestContractsAPI" name="test_list_contracts_returns_200" time="0.166" /><testcase classname="backend.tests.test_employment_history_contracts.TestContractsAPI" name="test_create_contract" time="0.139" /><testcase classname="backend.tests.test_employment_history_contracts.TestContractsAPI" name="test_create_contract_validates_required_fields" time="0.102" /><testcase classname="backend.tests.test_employment_history_contracts.TestContractsAPI" name="test_create_contract_duplicate_number_returns_400" time="0.214" /><testcase classname="backend.tests.test_employment_history_contracts.TestContractsAPI" name="test_get_contract_by_id" time="0.107" /><testcase classname="backend.tests.test_employment_history_contracts.TestContractsAPI" name="test_update_contract" time="0.103" /><testcase classname="backend.tests.test_employment_history_contracts.TestContractsAPI" name="test_update_contract_persists" time="0.164" /><testcase classname="backend.tests.test_employment_history_contracts.TestContractsAPI" name="test_contract_status_badge_fields_present" time="0.149" /><testcase classname="backend.tests.test_employment_history_contracts.TestContractsAPI" name="test_list_contracts_includes_created_contract" time="0.102" /><testcase classname="backend.tests.test_employment_history_contracts.TestContractsAPI" name="test_delete_contract" time="0.101" /><testcase classname="backend.tests.test_employment_history_contracts.TestContractsAPI" name="test_delete_contract_verifies_removal" time="0.097" /><testcase classname="backend.tests.test_employment_history_contracts.TestContractsAPI" name="test_contracts_unauthenticated_returns_401" time="0.102" /><testcase classname="backend.tests.test_employment_history_contracts.TestEmployeeListWithAvatar" name="test_employee_list_includes_photo_field" time="0.112" /><testcase classname="backend.tests.test_employment_history_contracts.TestEmployeeListWithAvatar" name="test_employee_detail_includes_photo_field" time="0.102" /></testsuite></testsuites>