<?xml version="1.0" encoding="utf-8"?><testsuites name="pytest tests"><testsuite name="pytest" errors="0" failures="0" skipped="0" tests="23" time="5.641" timestamp="2026-03-19T14:29:53.836395+00:00" hostname="agent-env-3c5c3fd6-56eb-4448-881f-cd1c183d827a"><testcase classname="backend.tests.test_invoices.TestOrganizationBankDetails" name="test_get_organization" time="0.731" /><testcase classname="backend.tests.test_invoices.TestOrganizationBankDetails" name="test_bank_details_has_crdb" time="0.132" /><testcase classname="backend.tests.test_invoices.TestOrganizationBankDetails" name="test_bank_details_has_account_fields" time="0.110" /><testcase classname="backend.tests.test_invoices.TestListInvoices" name="test_list_invoices_returns_200" time="0.142" /><testcase classname="backend.tests.test_invoices.TestListInvoices" name="test_list_invoices_structure" time="0.103" /><testcase classname="backend.tests.test_invoices.TestListInvoices" name="test_inv0001_exists" time="0.154" /><testcase classname="backend.tests.test_invoices.TestListInvoices" name="test_list_unauthenticated_returns_401" time="0.111" /><testcase classname="backend.tests.test_invoices.TestCreateInvoice" name="test_create_invoice_success" time="0.450" /><testcase classname="backend.tests.test_invoices.TestCreateInvoice" name="test_create_invoice_response_fields" time="0.102" /><testcase classname="backend.tests.test_invoices.TestCreateInvoice" name="test_create_invoice_grand_total" time="0.111" /><testcase classname="backend.tests.test_invoices.TestCreateInvoice" name="test_create_invoice_invalid_client" time="0.444" /><testcase classname="backend.tests.test_invoices.TestCreateInvoice" name="test_create_invoice_invalid_date_format" time="0.112" /><testcase classname="backend.tests.test_invoices.TestGetInvoice" name="test_get_invoice_by_id" time="0.241" /><testcase classname="backend.tests.test_invoices.TestGetInvoice" name="test_get_invoice_not_found" time="0.095" /><testcase classname="backend.tests.test_invoices.TestUpdateInvoice" name="test_update_invoice_items" time="0.280" /><testcase classname="backend.tests.test_invoices.TestUpdateInvoice" name="test_update_invoice_status_via_status_endpoint" time="0.371" /><testcase classname="backend.tests.test_invoices.TestDeleteInvoice" name="test_delete_draft_invoice" time="0.499" /><testcase classname="backend.tests.test_invoices.TestDeleteInvoice" name="test_delete_sent_invoice_returns_400" time="0.396" /><testcase classname="backend.tests.test_invoices.TestDeleteInvoice" name="test_delete_paid_invoice_returns_400" time="0.446" /><testcase classname="backend.tests.test_invoices.TestInvoiceFilters" name="test_filter_by_status_draft" time="0.117" /><testcase classname="backend.tests.test_invoices.TestInvoiceFilters" name="test_filter_by_status_paid" time="0.139" /><testcase classname="backend.tests.test_invoices.TestInvoiceFilters" name="test_filter_by_client_id" time="0.113" /><testcase classname="backend.tests.test_invoices.TestInvoiceFilters" name="test_filter_by_month" time="0.118" /></testsuite></testsuites>